c:\users\scott\desktop\vulkanscott1.0.0\vulkan\debug\vc142.pdb
c:\users\scott\desktop\vulkanscott1.0.0\vulkan\debug\vc142.idb
c:\users\scott\desktop\vulkanscott1.0.0\vulkan\debug\triangleapplication.obj
c:\users\scott\desktop\vulkanscott1.0.0\vulkan\debug\main.obj
c:\users\scott\desktop\vulkanscott1.0.0\debug\vulkan.ilk
c:\users\scott\desktop\vulkanscott1.0.0\debug\vulkan.exe
c:\users\scott\desktop\vulkanscott1.0.0\debug\vulkan.pdb
g:\game 303 source code\vulkanscott1.0.0\vulkan\debug\main.obj
g:\game 303 source code\vulkanscott1.0.0\vulkan\debug\triangleapplication.obj
g:\game 303 source code\vulkanscott1.0.0\vulkan\debug\vc142.idb
g:\game 303 source code\vulkanscott1.0.0\vulkan\debug\vc142.pdb
g:\game 303 source code\vulkanscott1.0.0\debug\vulkan.pdb
g:\game 303 source code\vulkanscott1.0.0\debug\vulkan.exe
g:\game 303 source code\vulkanscott1.0.0\debug\vulkan.ilk
g:\game 303 source code\vulkanscott1.0.0\vulkan\debug\vulkan.tlog\cl.command.1.tlog
g:\game 303 source code\vulkanscott1.0.0\vulkan\debug\vulkan.tlog\cl.read.1.tlog
g:\game 303 source code\vulkanscott1.0.0\vulkan\debug\vulkan.tlog\cl.write.1.tlog
g:\game 303 source code\vulkanscott1.0.0\vulkan\debug\vulkan.tlog\link.command.1.tlog
g:\game 303 source code\vulkanscott1.0.0\vulkan\debug\vulkan.tlog\link.read.1.tlog
g:\game 303 source code\vulkanscott1.0.0\vulkan\debug\vulkan.tlog\link.write.1.tlog
